Fetching information of token: 0x41D06390b935356b46aD6750bdA30148Ad2044A4
Fetching information of token: 0x41D06390b935356b46aD6750bdA30148Ad2044A4
Fetching information of token: 0x41D06390b935356b46aD6750bdA30148Ad2044A4
Scraping of token
Scraping of token
Fetching information of token: 0x41D06390b935356b46aD6750bdA30148Ad2044A4
Fetching information of token: 0x41D06390b935356b46aD6750bdA30148Ad2044A4
Scraping of token
Scraping of token
Fetching information of token: 0x41D06390b935356b46aD6750bdA30148Ad2044A4
Fetching information of token: 0x41D06390b935356b46aD6750bdA30148Ad2044A4
Scraping of token
Scraping of token
Fetching information of token: 0x4200000000000000000000000000000000000006
Fetching information of token: 0x4200000000000000000000000000000000000006
Scraping of token
Scraping of token
Fetching information of token: 0xC02aaA39b223FE8D0A0e5C4F27eAD9083C756Cc2
Fetching information of token: 0xC02aaA39b223FE8D0A0e5C4F27eAD9083C756Cc2
Scraping of token
Scraping of token
Fetching information of token: 0xC02aaA39b223FE8D0A0e5C4F27eAD9083C756Cc2
Fetching information of token: 0xC02aaA39b223FE8D0A0e5C4F27eAD9083C756Cc2
Scraping of token
Scraping of token
Error while fetching token information: name 'n' is not defined
Error while fetching token information: name 'n' is not defined
